{"/home/ilya/develop/hexletProjects/frontend-project-lvl2/index.js": {"path":"/home/ilya/develop/hexletProjects/frontend-project-lvl2/index.js","all":false,"statementMap":{"0":{"start":{"line":1,"column":0},"end":{"line":1,"column":25}},"1":{"start":{"line":2,"column":0},"end":{"line":2,"column":24}},"2":{"start":{"line":3,"column":0},"end":{"line":3,"column":23}},"3":{"start":{"line":4,"column":0},"end":{"line":4,"column":37}},"4":{"start":{"line":5,"column":0},"end":{"line":5,"column":0}},"5":{"start":{"line":6,"column":0},"end":{"line":6,"column":40}},"6":{"start":{"line":7,"column":0},"end":{"line":7,"column":33}},"7":{"start":{"line":8,"column":0},"end":{"line":8,"column":59}},"8":{"start":{"line":9,"column":0},"end":{"line":9,"column":46}},"9":{"start":{"line":10,"column":0},"end":{"line":10,"column":4}},"10":{"start":{"line":11,"column":0},"end":{"line":11,"column":67}},"11":{"start":{"line":12,"column":0},"end":{"line":12,"column":35}},"12":{"start":{"line":13,"column":0},"end":{"line":13,"column":35}},"13":{"start":{"line":14,"column":0},"end":{"line":14,"column":65}},"14":{"start":{"line":15,"column":0},"end":{"line":15,"column":65}},"15":{"start":{"line":16,"column":0},"end":{"line":16,"column":60}},"16":{"start":{"line":17,"column":0},"end":{"line":17,"column":20}},"17":{"start":{"line":18,"column":0},"end":{"line":18,"column":50}},"18":{"start":{"line":19,"column":0},"end":{"line":19,"column":0}},"19":{"start":{"line":20,"column":0},"end":{"line":20,"column":21}},"20":{"start":{"line":21,"column":0},"end":{"line":21,"column":29}},"21":{"start":{"line":22,"column":0},"end":{"line":22,"column":45}},"22":{"start":{"line":23,"column":0},"end":{"line":23,"column":36}},"23":{"start":{"line":24,"column":0},"end":{"line":24,"column":45}},"24":{"start":{"line":25,"column":0},"end":{"line":25,"column":43}},"25":{"start":{"line":26,"column":0},"end":{"line":26,"column":45}},"26":{"start":{"line":27,"column":0},"end":{"line":27,"column":45}},"27":{"start":{"line":28,"column":0},"end":{"line":28,"column":12}},"28":{"start":{"line":29,"column":0},"end":{"line":29,"column":45}},"29":{"start":{"line":30,"column":0},"end":{"line":30,"column":5}},"30":{"start":{"line":31,"column":0},"end":{"line":31,"column":18}},"31":{"start":{"line":32,"column":0},"end":{"line":32,"column":5}},"32":{"start":{"line":33,"column":0},"end":{"line":33,"column":0}},"33":{"start":{"line":34,"column":0},"end":{"line":34,"column":16}},"34":{"start":{"line":35,"column":0},"end":{"line":35,"column":2}},"35":{"start":{"line":36,"column":0},"end":{"line":36,"column":0}},"36":{"start":{"line":37,"column":0},"end":{"line":37,"column":20}}},"s":{"0":1,"1":1,"2":5,"3":5,"4":10,"5":10,"6":10,"7":5,"8":5,"9":5,"10":5,"11":5,"12":5,"13":5,"14":5,"15":5,"16":5,"17":25,"18":5,"19":5,"20":20,"21":10,"22":10,"23":10,"24":5,"25":5,"26":25,"27":5,"28":1,"29":1,"30":1,"31":1,"32":1,"33":1,"34":1,"35":1,"36":1},"branchMap":{"0":{"type":"branch","line":1,"loc":{"start":{"line":1,"column":0},"end":{"line":29,"column":38}},"locations":[{"start":{"line":1,"column":0},"end":{"line":29,"column":38}}]},"1":{"type":"branch","line":2,"loc":{"start":{"line":2,"column":19},"end":{"line":29,"column":14}},"locations":[{"start":{"line":2,"column":19},"end":{"line":29,"column":14}}]},"2":{"type":"branch","line":4,"loc":{"start":{"line":4,"column":16},"end":{"line":8,"column":28}},"locations":[{"start":{"line":4,"column":16},"end":{"line":8,"column":28}}]},"3":{"type":"branch","line":8,"loc":{"start":{"line":8,"column":51},"end":{"line":9,"column":36}},"locations":[{"start":{"line":8,"column":51},"end":{"line":9,"column":36}}]},"4":{"type":"branch","line":16,"loc":{"start":{"line":16,"column":18},"end":{"line":16,"column":49}},"locations":[{"start":{"line":16,"column":18},"end":{"line":16,"column":49}}]},"5":{"type":"branch","line":17,"loc":{"start":{"line":17,"column":2},"end":{"line":28,"column":5}},"locations":[{"start":{"line":17,"column":2},"end":{"line":28,"column":5}}]},"6":{"type":"branch","line":18,"loc":{"start":{"line":18,"column":20},"end":{"line":20,"column":21}},"locations":[{"start":{"line":18,"column":20},"end":{"line":20,"column":21}}]},"7":{"type":"branch","line":21,"loc":{"start":{"line":21,"column":-1},"end":{"line":27,"column":28}},"locations":[{"start":{"line":21,"column":-1},"end":{"line":27,"column":28}}]},"8":{"type":"branch","line":22,"loc":{"start":{"line":22,"column":-1},"end":{"line":27,"column":28}},"locations":[{"start":{"line":22,"column":-1},"end":{"line":27,"column":28}}]},"9":{"type":"branch","line":24,"loc":{"start":{"line":24,"column":6},"end":{"line":27,"column":28}},"locations":[{"start":{"line":24,"column":6},"end":{"line":27,"column":28}}]}},"b":{"0":[1],"1":[5],"2":[10],"3":[10],"4":[30],"5":[25],"6":[5],"7":[20],"8":[10],"9":[5]},"fnMap":{"0":{"name":"diff","decl":{"start":{"line":2,"column":19},"end":{"line":29,"column":14}},"loc":{"start":{"line":2,"column":19},"end":{"line":29,"column":14}},"line":2},"1":{"name":"getData","decl":{"start":{"line":4,"column":16},"end":{"line":8,"column":28}},"loc":{"start":{"line":4,"column":16},"end":{"line":8,"column":28}},"line":4},"2":{"name":"getExtname","decl":{"start":{"line":8,"column":51},"end":{"line":9,"column":36}},"loc":{"start":{"line":8,"column":51},"end":{"line":9,"column":36}},"line":8},"3":{"name":"addMark","decl":{"start":{"line":16,"column":18},"end":{"line":16,"column":49}},"loc":{"start":{"line":16,"column":18},"end":{"line":16,"column":49}},"line":16}},"f":{"0":5,"1":10,"2":10,"3":30}}
,"/home/ilya/develop/hexletProjects/frontend-project-lvl2/src/parsers.js": {"path":"/home/ilya/develop/hexletProjects/frontend-project-lvl2/src/parsers.js","all":false,"statementMap":{"0":{"start":{"line":1,"column":0},"end":{"line":1,"column":27}},"1":{"start":{"line":2,"column":0},"end":{"line":2,"column":0}},"2":{"start":{"line":3,"column":0},"end":{"line":3,"column":17}},"3":{"start":{"line":4,"column":0},"end":{"line":4,"column":19}},"4":{"start":{"line":5,"column":0},"end":{"line":5,"column":17}},"5":{"start":{"line":6,"column":0},"end":{"line":6,"column":18}},"6":{"start":{"line":7,"column":0},"end":{"line":7,"column":2}},"7":{"start":{"line":8,"column":0},"end":{"line":8,"column":0}},"8":{"start":{"line":9,"column":0},"end":{"line":9,"column":55}}},"s":{"0":1,"1":1,"2":1,"3":10,"4":1,"5":1,"6":1,"7":1,"8":1},"branchMap":{"0":{"type":"branch","line":1,"loc":{"start":{"line":1,"column":0},"end":{"line":5,"column":15}},"locations":[{"start":{"line":1,"column":0},"end":{"line":5,"column":15}}]},"1":{"type":"branch","line":3,"loc":{"start":{"line":3,"column":12},"end":{"line":5,"column":13}},"locations":[{"start":{"line":3,"column":12},"end":{"line":5,"column":13}}]}},"b":{"0":[1],"1":[10]},"fnMap":{"0":{"name":"default","decl":{"start":{"line":3,"column":12},"end":{"line":5,"column":13}},"loc":{"start":{"line":3,"column":12},"end":{"line":5,"column":13}},"line":3}},"f":{"0":10}}
}
