TN:
SF:index.js
FN:2,diff
FN:4,getData
FN:8,getExtname
FN:16,addMark
FNF:4
FNH:4
FNDA:5,diff
FNDA:10,getData
FNDA:10,getExtname
FNDA:30,addMark
DA:1,1
DA:2,1
DA:3,5
DA:4,5
DA:5,10
DA:6,10
DA:7,10
DA:8,5
DA:9,5
DA:10,5
DA:11,5
DA:12,5
DA:13,5
DA:14,5
DA:15,5
DA:16,5
DA:17,5
DA:18,25
DA:19,5
DA:20,5
DA:21,20
DA:22,10
DA:23,10
DA:24,10
DA:25,5
DA:26,5
DA:27,25
DA:28,5
DA:29,1
DA:30,1
DA:31,1
DA:32,1
DA:33,1
DA:34,1
DA:35,1
DA:36,1
DA:37,1
LF:37
LH:37
BRDA:1,0,0,1
BRDA:2,1,0,5
BRDA:4,2,0,10
BRDA:8,3,0,10
BRDA:16,4,0,30
BRDA:17,5,0,25
BRDA:18,6,0,5
BRDA:21,7,0,20
BRDA:22,8,0,10
BRDA:24,9,0,5
BRF:10
BRH:10
end_of_record
TN:
SF:src/parsers.js
FN:3,default
FNF:1
FNH:1
FNDA:10,default
DA:1,1
DA:2,1
DA:3,1
DA:4,10
DA:5,1
DA:6,1
DA:7,1
DA:8,1
DA:9,1
LF:9
LH:9
BRDA:1,0,0,1
BRDA:3,1,0,10
BRF:2
BRH:2
end_of_record
